Warning[205] C:\USERS\UTILISATEUR\DOCUMENTS\4EME ANNÈE\ELEC 4EME ANNEE\MICROCONTRÙLEUR\7SEG\AFFICHEUR7SEGV1.X\NEWPIC_8B_SIMPLE.ASM 2 : Found directive in column 1. (CONFIG)
Warning[205] C:\USERS\UTILISATEUR\DOCUMENTS\4EME ANNÈE\ELEC 4EME ANNEE\MICROCONTRÙLEUR\7SEG\AFFICHEUR7SEGV1.X\NEWPIC_8B_SIMPLE.ASM 3 : Found directive in column 1. (CONFIG)
Warning[205] C:\USERS\UTILISATEUR\DOCUMENTS\4EME ANNÈE\ELEC 4EME ANNEE\MICROCONTRÙLEUR\7SEG\AFFICHEUR7SEGV1.X\NEWPIC_8B_SIMPLE.ASM 4 : Found directive in column 1. (CONFIG)
Warning[205] C:\USERS\UTILISATEUR\DOCUMENTS\4EME ANNÈE\ELEC 4EME ANNEE\MICROCONTRÙLEUR\7SEG\AFFICHEUR7SEGV1.X\NEWPIC_8B_SIMPLE.ASM 5 : Found directive in column 1. (CONFIG)
Warning[205] C:\USERS\UTILISATEUR\DOCUMENTS\4EME ANNÈE\ELEC 4EME ANNEE\MICROCONTRÙLEUR\7SEG\AFFICHEUR7SEGV1.X\NEWPIC_8B_SIMPLE.ASM 6 : Found directive in column 1. (org)
Warning[203] C:\USERS\UTILISATEUR\DOCUMENTS\4EME ANNÈE\ELEC 4EME ANNEE\MICROCONTRÙLEUR\7SEG\AFFICHEUR7SEGV1.X\NEWPIC_8B_SIMPLE.ASM 7 : Found opcode in column 1. (goto)
Warning[205] C:\USERS\UTILISATEUR\DOCUMENTS\4EME ANNÈE\ELEC 4EME ANNEE\MICROCONTRÙLEUR\7SEG\AFFICHEUR7SEGV1.X\NEWPIC_8B_SIMPLE.ASM 8 : Found directive in column 1. (org)
Warning[203] C:\USERS\UTILISATEUR\DOCUMENTS\4EME ANNÈE\ELEC 4EME ANNEE\MICROCONTRÙLEUR\7SEG\AFFICHEUR7SEGV1.X\NEWPIC_8B_SIMPLE.ASM 9 : Found opcode in column 1. (goto)
Warning[203] C:\USERS\UTILISATEUR\DOCUMENTS\4EME ANNÈE\ELEC 4EME ANNEE\MICROCONTRÙLEUR\7SEG\AFFICHEUR7SEGV1.X\NEWPIC_8B_SIMPLE.ASM 12 : Found opcode in column 1. (btfsc)
Warning[203] C:\USERS\UTILISATEUR\DOCUMENTS\4EME ANNÈE\ELEC 4EME ANNEE\MICROCONTRÙLEUR\7SEG\AFFICHEUR7SEGV1.X\NEWPIC_8B_SIMPLE.ASM 13 : Found opcode in column 1. (goto)
Warning[203] C:\USERS\UTILISATEUR\DOCUMENTS\4EME ANNÈE\ELEC 4EME ANNEE\MICROCONTRÙLEUR\7SEG\AFFICHEUR7SEGV1.X\NEWPIC_8B_SIMPLE.ASM 14 : Found opcode in column 1. (retfie)
Warning[203] C:\USERS\UTILISATEUR\DOCUMENTS\4EME ANNÈE\ELEC 4EME ANNEE\MICROCONTRÙLEUR\7SEG\AFFICHEUR7SEGV1.X\NEWPIC_8B_SIMPLE.ASM 16 : Found opcode in column 1. (bcf)
Warning[203] C:\USERS\UTILISATEUR\DOCUMENTS\4EME ANNÈE\ELEC 4EME ANNEE\MICROCONTRÙLEUR\7SEG\AFFICHEUR7SEGV1.X\NEWPIC_8B_SIMPLE.ASM 18 : Found opcode in column 1. (movff)
Warning[203] C:\USERS\UTILISATEUR\DOCUMENTS\4EME ANNÈE\ELEC 4EME ANNEE\MICROCONTRÙLEUR\7SEG\AFFICHEUR7SEGV1.X\NEWPIC_8B_SIMPLE.ASM 19 : Found opcode in column 1. (retfie)
Warning[203] C:\USERS\UTILISATEUR\DOCUMENTS\4EME ANNÈE\ELEC 4EME ANNEE\MICROCONTRÙLEUR\7SEG\AFFICHEUR7SEGV1.X\NEWPIC_8B_SIMPLE.ASM 25 : Found opcode in column 1. (movlw)
Warning[203] C:\USERS\UTILISATEUR\DOCUMENTS\4EME ANNÈE\ELEC 4EME ANNEE\MICROCONTRÙLEUR\7SEG\AFFICHEUR7SEGV1.X\NEWPIC_8B_SIMPLE.ASM 26 : Found opcode in column 1. (movwf)
Warning[203] C:\USERS\UTILISATEUR\DOCUMENTS\4EME ANNÈE\ELEC 4EME ANNEE\MICROCONTRÙLEUR\7SEG\AFFICHEUR7SEGV1.X\NEWPIC_8B_SIMPLE.ASM 28 : Found opcode in column 1. (movlw)
Warning[203] C:\USERS\UTILISATEUR\DOCUMENTS\4EME ANNÈE\ELEC 4EME ANNEE\MICROCONTRÙLEUR\7SEG\AFFICHEUR7SEGV1.X\NEWPIC_8B_SIMPLE.ASM 29 : Found opcode in column 1. (movwf)
Warning[203] C:\USERS\UTILISATEUR\DOCUMENTS\4EME ANNÈE\ELEC 4EME ANNEE\MICROCONTRÙLEUR\7SEG\AFFICHEUR7SEGV1.X\NEWPIC_8B_SIMPLE.ASM 31 : Found opcode in column 1. (bsf)
Warning[203] C:\USERS\UTILISATEUR\DOCUMENTS\4EME ANNÈE\ELEC 4EME ANNEE\MICROCONTRÙLEUR\7SEG\AFFICHEUR7SEGV1.X\NEWPIC_8B_SIMPLE.ASM 33 : Found opcode in column 1. (clrf)
Warning[203] C:\USERS\UTILISATEUR\DOCUMENTS\4EME ANNÈE\ELEC 4EME ANNEE\MICROCONTRÙLEUR\7SEG\AFFICHEUR7SEGV1.X\NEWPIC_8B_SIMPLE.ASM 34 : Found opcode in column 1. (clrf)
Warning[203] C:\USERS\UTILISATEUR\DOCUMENTS\4EME ANNÈE\ELEC 4EME ANNEE\MICROCONTRÙLEUR\7SEG\AFFICHEUR7SEGV1.X\NEWPIC_8B_SIMPLE.ASM 36 : Found opcode in column 1. (bsf)
Warning[203] C:\USERS\UTILISATEUR\DOCUMENTS\4EME ANNÈE\ELEC 4EME ANNEE\MICROCONTRÙLEUR\7SEG\AFFICHEUR7SEGV1.X\NEWPIC_8B_SIMPLE.ASM 37 : Found opcode in column 1. (bsf)
Warning[203] C:\USERS\UTILISATEUR\DOCUMENTS\4EME ANNÈE\ELEC 4EME ANNEE\MICROCONTRÙLEUR\7SEG\AFFICHEUR7SEGV1.X\NEWPIC_8B_SIMPLE.ASM 38 : Found opcode in column 1. (bsf)
Warning[203] C:\USERS\UTILISATEUR\DOCUMENTS\4EME ANNÈE\ELEC 4EME ANNEE\MICROCONTRÙLEUR\7SEG\AFFICHEUR7SEGV1.X\NEWPIC_8B_SIMPLE.ASM 42 : Found opcode in column 1. (bsf)
Warning[203] C:\USERS\UTILISATEUR\DOCUMENTS\4EME ANNÈE\ELEC 4EME ANNEE\MICROCONTRÙLEUR\7SEG\AFFICHEUR7SEGV1.X\NEWPIC_8B_SIMPLE.ASM 43 : Found opcode in column 1. (goto)
Warning[205] C:\USERS\UTILISATEUR\DOCUMENTS\4EME ANNÈE\ELEC 4EME ANNEE\MICROCONTRÙLEUR\7SEG\AFFICHEUR7SEGV1.X\NEWPIC_8B_SIMPLE.ASM 44 : Found directive in column 1. (end)
